<?xml version="1.0" encoding="UTF-8"?>
<!-- Generated by org.testng.reporters.JUnitXMLReporter -->
<testsuite hostname="SRANI" ignored="0" name="Test 5" tests="6" failures="0" timestamp="21 Jul 2017 06:51:30 GMT" time="14.431" errors="0">
  <testcase name="submit_InvalidPhoneNumber" time="0.765" classname="login.FieldValidations"/>
  <testcase name="verify_PhoneValidationMsg" time="0.109" classname="login.FieldValidations"/>
  <testcase name="navigate_OTPScreen" time="2.408" classname="login.FieldValidations"/>
  <testcase name="submit_InvalidOTP" time="1.714" classname="login.FieldValidations"/>
  <testcase name="verify_OTPValidationMsg" time="0.353" classname="login.FieldValidations"/>
  <testcase name="valid_OTP" time="1.932" classname="login.FieldValidations"/>
</testsuite> <!-- Test 5 -->
