<?xml version="1.0" encoding="UTF-8"?>
<!-- Generated by org.testng.reporters.JUnitXMLReporter -->
<testsuite hostname="SRANI" ignored="0" name="Test 1" tests="6" failures="0" timestamp="21 Jul 2017 06:50:58 GMT" time="18.161" errors="0">
  <testcase name="navigate" time="4.296" classname="login.Login"/>
  <testcase name="input_PhoneNumber" time="0.455" classname="login.Login"/>
  <testcase name="click_Submit" time="1.447" classname="login.Login"/>
  <testcase name="input_OTP" time="0.153" classname="login.Login"/>
  <testcase name="click_OTPSubmit" time="0.973" classname="login.Login"/>
  <testcase name="click_Consignor" time="6.876" classname="login.Login"/>
</testsuite> <!-- Test 1 -->
