<?xml version="1.0" encoding="UTF-8"?>
<!-- Generated by org.testng.reporters.JUnitXMLReporter -->
<testsuite hostname="SRANI" ignored="0" name="Test 6" tests="4" failures="0" timestamp="21 Jul 2017 06:51:50 GMT" time="19.833" errors="0">
  <testcase name="verify_InvalidMobileNumber" time="0.54" classname="accountSettings.SettingsFieldValidation"/>
  <testcase name="verify_charMobile" time="0.435" classname="accountSettings.SettingsFieldValidation"/>
  <testcase name="verify_pincode" time="0.516" classname="accountSettings.SettingsFieldValidation"/>
  <testcase name="verify_charpincode" time="0.484" classname="accountSettings.SettingsFieldValidation"/>
</testsuite> <!-- Test 6 -->
